[*] [2024-02-04 17:19:53, ezkl] - 
 |  
 |          ███████╗███████╗██╗  ██╗██╗
 |          ██╔════╝╚══███╔╝██║ ██╔╝██║
 |          █████╗    ███╔╝ █████╔╝ ██║
 |          ██╔══╝   ███╔╝  ██╔═██╗ ██║
 |          ███████╗███████╗██║  ██╗███████╗
 |          ╚══════╝╚══════╝╚═╝  ╚═╝╚══════╝
 |  
 |          -----------------------------------------------------------
 |          Easy Zero Knowledge for Neural Networks.
 |          -----------------------------------------------------------
 |  
 |          
[*] [2024-02-04 17:19:53, ezkl] - command: 
 |   {
 |    "command": {
 |      "GenWitness": {
 |        "compiled_circuit": "model.compiled",
 |        "data": "input.json",
 |        "output": "witness.json",
 |        "srs_path": null,
 |        "vk_path": null
 |      }
 |    }
 |  }
[*] [2024-02-04 17:19:53, ezkl::graph] - input scales: [8]
[D] [2024-02-04 17:19:53, ezkl::graph::model] - executing 0: Input
[D] [2024-02-04 17:19:53, ezkl::graph::model] - dims: [[1, 3]]
[D] [2024-02-04 17:19:53, ezkl::graph::model] - input_dims: [[1, 3]]
[D] [2024-02-04 17:19:53, ezkl::graph::model] - input nodes: []
[D] [2024-02-04 17:19:53, ezkl::graph::model] - ------------ output node int 0: ["156, 55, 229"] 
 |   ------------ float: ["0.609375, 0.21484375, 0.89453125"] 
 |   ------------ max: 229 
 |   ------------ min: 55 
 |   ------------ scale: 8
[D] [2024-02-04 17:19:53, ezkl::graph::model] - executing 1: CONST (scale=9)
[D] [2024-02-04 17:19:53, ezkl::graph::model] - dims: [[1, 1]]
[D] [2024-02-04 17:19:53, ezkl::graph::model] - input_dims: []
[D] [2024-02-04 17:19:53, ezkl::graph::model] - input nodes: []
[D] [2024-02-04 17:19:53, ezkl::graph::model] - ------------ output node int 1: ["362"] 
 |   ------------ float: ["0.70703125"] 
 |   ------------ max: 362 
 |   ------------ min: 362 
 |   ------------ scale: 9
[D] [2024-02-04 17:19:53, ezkl::graph::model] - executing 2: REBASED (div=256.0, rebasing_op=DIV (denom=256, use_range_check_for_int=true)) (MULT)
[D] [2024-02-04 17:19:53, ezkl::graph::model] - dims: [[1, 3]]
[D] [2024-02-04 17:19:53, ezkl::graph::model] - input_dims: [[1, 3], [1, 1]]
[D] [2024-02-04 17:19:53, ezkl::graph::model] - input nodes: [(0, 0), (1, 0)]
[D] [2024-02-04 17:19:53, ezkl::graph::model] - intermediate max lookup inputs: 127
[D] [2024-02-04 17:19:53, ezkl::graph::model] - intermediate min lookup inputs: -127
[D] [2024-02-04 17:19:53, ezkl::graph::model] - ------------ output node int 2: ["221, 78, 324"] 
 |   ------------ float: ["0.431640625, 0.15234375, 0.6328125"] 
 |   ------------ max: 324 
 |   ------------ min: 78 
 |   ------------ scale: 9
[D] [2024-02-04 17:19:53, ezkl::graph::model] - executing 3: ERF(scale=512)
[D] [2024-02-04 17:19:53, ezkl::graph::model] - dims: [[1, 3]]
[D] [2024-02-04 17:19:53, ezkl::graph::model] - input_dims: [[1, 3]]
[D] [2024-02-04 17:19:53, ezkl::graph::model] - input nodes: [(2, 0)]
[D] [2024-02-04 17:19:53, ezkl::graph::model] - max lookup inputs: 324
[D] [2024-02-04 17:19:53, ezkl::graph::model] - min lookup inputs: 0
[D] [2024-02-04 17:19:53, ezkl::graph::model] - ------------ output node int 3: ["235, 87, 322"] 
 |   ------------ float: ["0.458984375, 0.169921875, 0.62890625"] 
 |   ------------ max: 322 
 |   ------------ min: 87 
 |   ------------ scale: 9
[D] [2024-02-04 17:19:53, ezkl::graph::model] - executing 4: CONST (scale=9)
[D] [2024-02-04 17:19:53, ezkl::graph::model] - dims: [[1, 1]]
[D] [2024-02-04 17:19:53, ezkl::graph::model] - input_dims: []
[D] [2024-02-04 17:19:53, ezkl::graph::model] - input nodes: []
[D] [2024-02-04 17:19:53, ezkl::graph::model] - ------------ output node int 4: ["512"] 
 |   ------------ float: ["1.0"] 
 |   ------------ max: 512 
 |   ------------ min: 512 
 |   ------------ scale: 9
[D] [2024-02-04 17:19:53, ezkl::graph::model] - executing 5: ADD
[D] [2024-02-04 17:19:53, ezkl::graph::model] - dims: [[1, 3]]
[D] [2024-02-04 17:19:53, ezkl::graph::model] - input_dims: [[1, 3], [1, 1]]
[D] [2024-02-04 17:19:53, ezkl::graph::model] - input nodes: [(3, 0), (4, 0)]
[D] [2024-02-04 17:19:53, ezkl::graph::model] - ------------ output node int 5: ["747, 599, 834"] 
 |   ------------ float: ["1.458984375, 1.169921875, 1.62890625"] 
 |   ------------ max: 834 
 |   ------------ min: 599 
 |   ------------ scale: 9
[D] [2024-02-04 17:19:53, ezkl::graph::model] - executing 6: REBASED (div=256.0, rebasing_op=DIV (denom=256, use_range_check_for_int=true)) (MULT)
[D] [2024-02-04 17:19:53, ezkl::graph::model] - dims: [[1, 3]]
[D] [2024-02-04 17:19:53, ezkl::graph::model] - input_dims: [[1, 3], [1, 3]]
[D] [2024-02-04 17:19:53, ezkl::graph::model] - input nodes: [(0, 0), (5, 0)]
[D] [2024-02-04 17:19:53, ezkl::graph::model] - intermediate max lookup inputs: 127
[D] [2024-02-04 17:19:53, ezkl::graph::model] - intermediate min lookup inputs: -127
[D] [2024-02-04 17:19:53, ezkl::graph::model] - ------------ output node int 6: ["455, 129, 746"] 
 |   ------------ float: ["0.888671875, 0.251953125, 1.45703125"] 
 |   ------------ max: 746 
 |   ------------ min: 129 
 |   ------------ scale: 9
[D] [2024-02-04 17:19:53, ezkl::graph::model] - executing 8: REBASED (div=2.0, rebasing_op=DIV (denom=2, use_range_check_for_int=true)) (IDENTITY (out_scale=Some(10)))
[D] [2024-02-04 17:19:53, ezkl::graph::model] - dims: [[1, 3]]
[D] [2024-02-04 17:19:53, ezkl::graph::model] - input_dims: [[1, 3]]
[D] [2024-02-04 17:19:53, ezkl::graph::model] - input nodes: [(6, 0)]
[D] [2024-02-04 17:19:53, ezkl::graph::model] - intermediate max lookup inputs: 0
[D] [2024-02-04 17:19:53, ezkl::graph::model] - intermediate min lookup inputs: 0
[D] [2024-02-04 17:19:53, ezkl::graph::model] - ------------ output node int 8: ["228, 65, 373"] 
 |   ------------ float: ["0.4453125, 0.126953125, 0.728515625"] 
 |   ------------ max: 373 
 |   ------------ min: 65 
 |   ------------ scale: 9
[D] [2024-02-04 17:19:53, ezkl::graph::model] - model outputs are nodes: [(8, 0)]
[D] [2024-02-04 17:19:53, ezkl::execute] - witness: 
 |   {
 |    "inputs": [
 |      [
 |        "9c00000000000000000000000000000000000000000000000000000000000000",
 |        "3700000000000000000000000000000000000000000000000000000000000000",
 |        "e500000000000000000000000000000000000000000000000000000000000000"
 |      ]
 |    ],
 |    "max_lookup_inputs": 324,
 |    "min_lookup_inputs": -127,
 |    "outputs": [
 |      [
 |        "e400000000000000000000000000000000000000000000000000000000000000",
 |        "4100000000000000000000000000000000000000000000000000000000000000",
 |        "7501000000000000000000000000000000000000000000000000000000000000"
 |      ]
 |    ],
 |    "pretty_elements": {
 |      "inputs": [
 |        [
 |          "0x000000000000000000000000000000000000000000000000000000000000009c",
 |          "0x0000000000000000000000000000000000000000000000000000000000000037",
 |          "0x00000000000000000000000000000000000000000000000000000000000000e5"
 |        ]
 |      ],
 |      "outputs": [
 |        [
 |          "0x00000000000000000000000000000000000000000000000000000000000000e4",
 |          "0x0000000000000000000000000000000000000000000000000000000000000041",
 |          "0x0000000000000000000000000000000000000000000000000000000000000175"
 |        ]
 |      ],
 |      "processed_inputs": [],
 |      "processed_outputs": [],
 |      "processed_params": [],
 |      "rescaled_inputs": [
 |        [
 |          "0.609375",
 |          "0.21484375",
 |          "0.89453125"
 |        ]
 |      ],
 |      "rescaled_outputs": [
 |        [
 |          "0.4453125",
 |          "0.126953125",
 |          "0.728515625"
 |        ]
 |      ]
 |    },
 |    "processed_inputs": null,
 |    "processed_outputs": null,
 |    "processed_params": null
 |  }
[*] [2024-02-04 17:19:53, ezkl] - succeeded
